# JRE version: Java(TM) SE Runtime Environment (8.0_77-b03) (build 1.8.0_77-b03)
# Java VM: Java HotSpot(TM) 64-Bit Server VM (25.77-b03 mixed mode linux-amd64 compressed oops)
Heap:
 PSYoungGen      total 211968K, used 5829K [0x00000000ebf00000, 0x00000000f9900000, 0x0000000100000000)
  eden space 201216K, 0% used [0x00000000ebf00000,0x00000000ebf00000,0x00000000f8380000)
  from space 10752K, 54% used [0x00000000f8380000,0x00000000f89315b0,0x00000000f8e00000)
  to   space 10240K, 0% used [0x00000000f8e00000,0x00000000f8e00000,0x00000000f9800000)
 ParOldGen       total 42496K, used 22972K [0x00000000c3c00000, 0x00000000c6580000, 0x00000000ebf00000)
  object space 42496K, 54% used [0x00000000c3c00000,0x00000000c526f190,0x00000000c6580000)
 Metaspace       used 9645K, capacity 10014K, committed 10240K, reserved 1058816K
  class space    used 1026K, capacity 1193K, committed 1280K, reserved 1048576K
GC Heap History (10 events):
Event: 3,409 GC heap after
Heap after GC invocations=6 (full 0):
 PSYoungGen      total 69632K, used 5392K [0x00000000ebf00000, 0x00000000f0900000, 0x0000000100000000)
  eden space 63488K, 0% used [0x00000000ebf00000,0x00000000ebf00000,0x00000000efd00000)
  from space 6144K, 87% used [0x00000000f0300000,0x00000000f0844030,0x00000000f0900000)
  to   space 6144K, 0% used [0x00000000efd00000,0x00000000efd00000,0x00000000f0300000)
 ParOldGen       total 42496K, used 9496K [0x00000000c3c00000, 0x00000000c6580000, 0x00000000ebf00000)
  object space 42496K, 22% used [0x00000000c3c00000,0x00000000c4546008,0x00000000c6580000)
 Metaspace       used 8895K, capacity 9166K, committed 9344K, reserved 1056768K
  class space    used 985K, capacity 1081K, committed 1152K, reserved 1048576K
}
Event: 4,630 GC heap before
{Heap before GC invocations=7 (full 0):
 PSYoungGen      total 69632K, used 68880K [0x00000000ebf00000, 0x00000000f0900000, 0x0000000100000000)
  eden space 63488K, 100% used [0x00000000ebf00000,0x00000000efd00000,0x00000000efd00000)
  from space 6144K, 87% used [0x00000000f0300000,0x00000000f0844030,0x00000000f0900000)
  to   space 6144K, 0% used [0x00000000efd00000,0x00000000efd00000,0x00000000f0300000)
 ParOldGen       total 42496K, used 9496K [0x00000000c3c00000, 0x00000000c6580000, 0x00000000ebf00000)
  object space 42496K, 22% used [0x00000000c3c00000,0x00000000c4546008,0x00000000c6580000)
 Metaspace       used 9136K, capacity 9422K, committed 9600K, reserved 1058816K
  class space    used 987K, capacity 1081K, committed 1152K, reserved 1048576K
Event: 4,674 GC heap after
Heap after GC invocations=7 (full 0):
 PSYoungGen      total 69632K, used 6144K [0x00000000ebf00000, 0x00000000f4e00000, 0x0000000100000000)
  eden space 63488K, 0% used [0x00000000ebf00000,0x00000000ebf00000,0x00000000efd00000)
  from space 6144K, 100% used [0x00000000efd00000,0x00000000f0300000,0x00000000f0300000)
  to   space 9728K, 0% used [0x00000000f4480000,0x00000000f4480000,0x00000000f4e00000)
 ParOldGen       total 42496K, used 15392K [0x00000000c3c00000, 0x00000000c6580000, 0x00000000ebf00000)
  object space 42496K, 36% used [0x00000000c3c00000,0x00000000c4b08148,0x00000000c6580000)
 Metaspace       used 9136K, capacity 9422K, committed 9600K, reserved 1058816K
  class space    used 987K, capacity 1081K, committed 1152K, reserved 1048576K
}
Event: 5,010 GC heap before
{Heap before GC invocations=8 (full 0):
 PSYoungGen      total 69632K, used 69632K [0x00000000ebf00000, 0x00000000f4e00000, 0x0000000100000000)
  eden space 63488K, 100% used [0x00000000ebf00000,0x00000000efd00000,0x00000000efd00000)
  from space 6144K, 100% used [0x00000000efd00000,0x00000000f0300000,0x00000000f0300000)
  to   space 9728K, 0% used [0x00000000f4480000,0x00000000f4480000,0x00000000f4e00000)
 ParOldGen       total 42496K, used 15392K [0x00000000c3c00000, 0x00000000c6580000, 0x00000000ebf00000)
  object space 42496K, 36% used [0x00000000c3c00000,0x00000000c4b08148,0x00000000c6580000)
 Metaspace       used 9175K, capacity 9422K, committed 9600K, reserved 1058816K
  class space    used 991K, capacity 1081K, committed 1152K, reserved 1048576K
Event: 5,064 GC heap after
Heap after GC invocations=8 (full 0):
 PSYoungGen      total 135680K, used 8411K [0x00000000ebf00000, 0x00000000f5000000, 0x0000000100000000)
  eden space 125952K, 0% used [0x00000000ebf00000,0x00000000ebf00000,0x00000000f3a00000)
  from space 9728K, 86% used [0x00000000f4480000,0x00000000f4cb6e50,0x00000000f4e00000)
  to   space 10752K, 0% used [0x00000000f3a00000,0x00000000f3a00000,0x00000000f4480000)
 ParOldGen       total 42496K, used 15872K [0x00000000c3c00000, 0x00000000c6580000, 0x00000000ebf00000)
  object space 42496K, 37% used [0x00000000c3c00000,0x00000000c4b80148,0x00000000c6580000)
 Metaspace       used 9175K, capacity 9422K, committed 9600K, reserved 1058816K
  class space    used 991K, capacity 1081K, committed 1152K, reserved 1048576K
}
Event: 5,617 GC heap before
{Heap before GC invocations=9 (full 0):
 PSYoungGen      total 135680K, used 134363K [0x00000000ebf00000, 0x00000000f5000000, 0x0000000100000000)
  eden space 125952K, 100% used [0x00000000ebf00000,0x00000000f3a00000,0x00000000f3a00000)
  from space 9728K, 86% used [0x00000000f4480000,0x00000000f4cb6e50,0x00000000f4e00000)
  to   space 10752K, 0% used [0x00000000f3a00000,0x00000000f3a00000,0x00000000f4480000)
 ParOldGen       total 42496K, used 15872K [0x00000000c3c00000, 0x00000000c6580000, 0x00000000ebf00000)
  object space 42496K, 37% used [0x00000000c3c00000,0x00000000c4b80148,0x00000000c6580000)
 Metaspace       used 9205K, capacity 9422K, committed 9600K, reserved 1058816K
  class space    used 991K, capacity 1081K, committed 1152K, reserved 1048576K
Event: 5,663 GC heap after
Heap after GC invocations=9 (full 0):
 PSYoungGen      total 136704K, used 6674K [0x00000000ebf00000, 0x00000000f9800000, 0x0000000100000000)
  eden space 125952K, 0% used [0x00000000ebf00000,0x00000000ebf00000,0x00000000f3a00000)
  from space 10752K, 62% used [0x00000000f3a00000,0x00000000f4084b10,0x00000000f4480000)
  to   space 10240K, 0% used [0x00000000f8e00000,0x00000000f8e00000,0x00000000f9800000)
 ParOldGen       total 42496K, used 17725K [0x00000000c3c00000, 0x00000000c6580000, 0x00000000ebf00000)
  object space 42496K, 41% used [0x00000000c3c00000,0x00000000c4d4f568,0x00000000c6580000)
 Metaspace       used 9205K, capacity 9422K, committed 9600K, reserved 1058816K
  class space    used 991K, capacity 1081K, committed 1152K, reserved 1048576K
}
Event: 6,269 GC heap before
{Heap before GC invocations=10 (full 0):
 PSYoungGen      total 136704K, used 132626K [0x00000000ebf00000, 0x00000000f9800000, 0x0000000100000000)
  eden space 125952K, 100% used [0x00000000ebf00000,0x00000000f3a00000,0x00000000f3a00000)
  from space 10752K, 62% used [0x00000000f3a00000,0x00000000f4084b10,0x00000000f4480000)
  to   space 10240K, 0% used [0x00000000f8e00000,0x00000000f8e00000,0x00000000f9800000)
 ParOldGen       total 42496K, used 17725K [0x00000000c3c00000, 0x00000000c6580000, 0x00000000ebf00000)
  object space 42496K, 41% used [0x00000000c3c00000,0x00000000c4d4f568,0x00000000c6580000)
 Metaspace       used 9226K, capacity 9486K, committed 9600K, reserved 1058816K
  class space    used 991K, capacity 1081K, committed 1152K, reserved 1048576K
Event: 6,283 GC heap after
Heap after GC invocations=10 (full 0):
 PSYoungGen      total 211456K, used 1358K [0x00000000ebf00000, 0x00000000f9900000, 0x0000000100000000)
  eden space 201216K, 0% used [0x00000000ebf00000,0x00000000ebf00000,0x00000000f8380000)
  from space 10240K, 13% used [0x00000000f8e00000,0x00000000f8f53b90,0x00000000f9800000)
  to   space 10752K, 0% used [0x00000000f8380000,0x00000000f8380000,0x00000000f8e00000)
 ParOldGen       total 42496K, used 22773K [0x00000000c3c00000, 0x00000000c6580000, 0x00000000ebf00000)
  object space 42496K, 53% used [0x00000000c3c00000,0x00000000c523d568,0x00000000c6580000)
 Metaspace       used 9226K, capacity 9486K, committed 9600K, reserved 1058816K
  class space    used 991K, capacity 1081K, committed 1152K, reserved 1048576K
}
Event: 9,170 GC heap before
{Heap before GC invocations=11 (full 0):
 PSYoungGen      total 211456K, used 202574K [0x00000000ebf00000, 0x00000000f9900000, 0x0000000100000000)
  eden space 201216K, 100% used [0x00000000ebf00000,0x00000000f8380000,0x00000000f8380000)
  from space 10240K, 13% used [0x00000000f8e00000,0x00000000f8f53b90,0x00000000f9800000)
  to   space 10752K, 0% used [0x00000000f8380000,0x00000000f8380000,0x00000000f8e00000)
 ParOldGen       total 42496K, used 22773K [0x00000000c3c00000, 0x00000000c6580000, 0x00000000ebf00000)
  object space 42496K, 53% used [0x00000000c3c00000,0x00000000c523d568,0x00000000c6580000)
 Metaspace       used 9645K, capacity 10014K, committed 10240K, reserved 1058816K
  class space    used 1026K, capacity 1193K, committed 1280K, reserved 1048576K

