# JRE version: Java(TM) SE Runtime Environment (8.0_77-b03) (build 1.8.0_77-b03)
# Java VM: Java HotSpot(TM) 64-Bit Server VM (25.77-b03 mixed mode linux-amd64 compressed oops)
Heap:
 PSYoungGen      total 210432K, used 5497K [0x00000000ebf00000, 0x00000000f9680000, 0x0000000100000000)
  eden space 200192K, 0% used [0x00000000ebf00000,0x00000000ebf00000,0x00000000f8280000)
  from space 10240K, 53% used [0x00000000f8280000,0x00000000f87de5b8,0x00000000f8c80000)
  to   space 10240K, 0% used [0x00000000f8c80000,0x00000000f8c80000,0x00000000f9680000)
 ParOldGen       total 42496K, used 22966K [0x00000000c3c00000, 0x00000000c6580000, 0x00000000ebf00000)
  object space 42496K, 54% used [0x00000000c3c00000,0x00000000c526da60,0x00000000c6580000)
 Metaspace       used 9671K, capacity 9982K, committed 10240K, reserved 1058816K
  class space    used 1027K, capacity 1161K, committed 1280K, reserved 1048576K
GC Heap History (10 events):
Event: 3,027 GC heap after
Heap after GC invocations=6 (full 0):
 PSYoungGen      total 68608K, used 5424K [0x00000000ebf00000, 0x00000000f0900000, 0x0000000100000000)
  eden space 62976K, 0% used [0x00000000ebf00000,0x00000000ebf00000,0x00000000efc80000)
  from space 5632K, 96% used [0x00000000f0280000,0x00000000f07cc010,0x00000000f0800000)
  to   space 6144K, 0% used [0x00000000efc80000,0x00000000efc80000,0x00000000f0280000)
 ParOldGen       total 42496K, used 9381K [0x00000000c3c00000, 0x00000000c6580000, 0x00000000ebf00000)
  object space 42496K, 22% used [0x00000000c3c00000,0x00000000c4529580,0x00000000c6580000)
 Metaspace       used 8897K, capacity 9166K, committed 9344K, reserved 1056768K
  class space    used 987K, capacity 1081K, committed 1152K, reserved 1048576K
}
Event: 3,731 GC heap before
{Heap before GC invocations=7 (full 0):
 PSYoungGen      total 68608K, used 68400K [0x00000000ebf00000, 0x00000000f0900000, 0x0000000100000000)
  eden space 62976K, 100% used [0x00000000ebf00000,0x00000000efc80000,0x00000000efc80000)
  from space 5632K, 96% used [0x00000000f0280000,0x00000000f07cc010,0x00000000f0800000)
  to   space 6144K, 0% used [0x00000000efc80000,0x00000000efc80000,0x00000000f0280000)
 ParOldGen       total 42496K, used 9381K [0x00000000c3c00000, 0x00000000c6580000, 0x00000000ebf00000)
  object space 42496K, 22% used [0x00000000c3c00000,0x00000000c4529580,0x00000000c6580000)
 Metaspace       used 9165K, capacity 9422K, committed 9600K, reserved 1058816K
  class space    used 989K, capacity 1081K, committed 1152K, reserved 1048576K
Event: 3,788 GC heap after
Heap after GC invocations=7 (full 0):
 PSYoungGen      total 69120K, used 6144K [0x00000000ebf00000, 0x00000000f4d00000, 0x0000000100000000)
  eden space 62976K, 0% used [0x00000000ebf00000,0x00000000ebf00000,0x00000000efc80000)
  from space 6144K, 100% used [0x00000000efc80000,0x00000000f0280000,0x00000000f0280000)
  to   space 9728K, 0% used [0x00000000f4380000,0x00000000f4380000,0x00000000f4d00000)
 ParOldGen       total 42496K, used 15319K [0x00000000c3c00000, 0x00000000c6580000, 0x00000000ebf00000)
  object space 42496K, 36% used [0x00000000c3c00000,0x00000000c4af5c70,0x00000000c6580000)
 Metaspace       used 9165K, capacity 9422K, committed 9600K, reserved 1058816K
  class space    used 989K, capacity 1081K, committed 1152K, reserved 1048576K
}
Event: 4,098 GC heap before
{Heap before GC invocations=8 (full 0):
 PSYoungGen      total 69120K, used 69120K [0x00000000ebf00000, 0x00000000f4d00000, 0x0000000100000000)
  eden space 62976K, 100% used [0x00000000ebf00000,0x00000000efc80000,0x00000000efc80000)
  from space 6144K, 100% used [0x00000000efc80000,0x00000000f0280000,0x00000000f0280000)
  to   space 9728K, 0% used [0x00000000f4380000,0x00000000f4380000,0x00000000f4d00000)
 ParOldGen       total 42496K, used 15319K [0x00000000c3c00000, 0x00000000c6580000, 0x00000000ebf00000)
  object space 42496K, 36% used [0x00000000c3c00000,0x00000000c4af5c70,0x00000000c6580000)
 Metaspace       used 9199K, capacity 9422K, committed 9600K, reserved 1058816K
  class space    used 993K, capacity 1081K, committed 1152K, reserved 1048576K
Event: 4,116 GC heap after
Heap after GC invocations=8 (full 0):
 PSYoungGen      total 134656K, used 8347K [0x00000000ebf00000, 0x00000000f4f00000, 0x0000000100000000)
  eden space 124928K, 0% used [0x00000000ebf00000,0x00000000ebf00000,0x00000000f3900000)
  from space 9728K, 85% used [0x00000000f4380000,0x00000000f4ba6e70,0x00000000f4d00000)
  to   space 10752K, 0% used [0x00000000f3900000,0x00000000f3900000,0x00000000f4380000)
 ParOldGen       total 42496K, used 15823K [0x00000000c3c00000, 0x00000000c6580000, 0x00000000ebf00000)
  object space 42496K, 37% used [0x00000000c3c00000,0x00000000c4b73c70,0x00000000c6580000)
 Metaspace       used 9199K, capacity 9422K, committed 9600K, reserved 1058816K
  class space    used 993K, capacity 1081K, committed 1152K, reserved 1048576K
}
Event: 4,514 GC heap before
{Heap before GC invocations=9 (full 0):
 PSYoungGen      total 134656K, used 133275K [0x00000000ebf00000, 0x00000000f4f00000, 0x0000000100000000)
  eden space 124928K, 100% used [0x00000000ebf00000,0x00000000f3900000,0x00000000f3900000)
  from space 9728K, 85% used [0x00000000f4380000,0x00000000f4ba6e70,0x00000000f4d00000)
  to   space 10752K, 0% used [0x00000000f3900000,0x00000000f3900000,0x00000000f4380000)
 ParOldGen       total 42496K, used 15823K [0x00000000c3c00000, 0x00000000c6580000, 0x00000000ebf00000)
  object space 42496K, 37% used [0x00000000c3c00000,0x00000000c4b73c70,0x00000000c6580000)
 Metaspace       used 9230K, capacity 9422K, committed 9600K, reserved 1058816K
  class space    used 993K, capacity 1081K, committed 1152K, reserved 1048576K
Event: 4,544 GC heap after
Heap after GC invocations=9 (full 0):
 PSYoungGen      total 135680K, used 6130K [0x00000000ebf00000, 0x00000000f9680000, 0x0000000100000000)
  eden space 124928K, 0% used [0x00000000ebf00000,0x00000000ebf00000,0x00000000f3900000)
  from space 10752K, 57% used [0x00000000f3900000,0x00000000f3efcaf0,0x00000000f4380000)
  to   space 10240K, 0% used [0x00000000f8c80000,0x00000000f8c80000,0x00000000f9680000)
 ParOldGen       total 42496K, used 18070K [0x00000000c3c00000, 0x00000000c6580000, 0x00000000ebf00000)
  object space 42496K, 42% used [0x00000000c3c00000,0x00000000c4da5a50,0x00000000c6580000)
 Metaspace       used 9230K, capacity 9422K, committed 9600K, reserved 1058816K
  class space    used 993K, capacity 1081K, committed 1152K, reserved 1048576K
}
Event: 5,009 GC heap before
{Heap before GC invocations=10 (full 0):
 PSYoungGen      total 135680K, used 131058K [0x00000000ebf00000, 0x00000000f9680000, 0x0000000100000000)
  eden space 124928K, 100% used [0x00000000ebf00000,0x00000000f3900000,0x00000000f3900000)
  from space 10752K, 57% used [0x00000000f3900000,0x00000000f3efcaf0,0x00000000f4380000)
  to   space 10240K, 0% used [0x00000000f8c80000,0x00000000f8c80000,0x00000000f9680000)
 ParOldGen       total 42496K, used 18070K [0x00000000c3c00000, 0x00000000c6580000, 0x00000000ebf00000)
  object space 42496K, 42% used [0x00000000c3c00000,0x00000000c4da5a50,0x00000000c6580000)
 Metaspace       used 9248K, capacity 9550K, committed 9856K, reserved 1058816K
  class space    used 993K, capacity 1081K, committed 1152K, reserved 1048576K
Event: 5,030 GC heap after
Heap after GC invocations=10 (full 0):
 PSYoungGen      total 210432K, used 2094K [0x00000000ebf00000, 0x00000000f9680000, 0x0000000100000000)
  eden space 200192K, 0% used [0x00000000ebf00000,0x00000000ebf00000,0x00000000f8280000)
  from space 10240K, 20% used [0x00000000f8c80000,0x00000000f8e8bb90,0x00000000f9680000)
  to   space 10240K, 0% used [0x00000000f8280000,0x00000000f8280000,0x00000000f8c80000)
 ParOldGen       total 42496K, used 22822K [0x00000000c3c00000, 0x00000000c6580000, 0x00000000ebf00000)
  object space 42496K, 53% used [0x00000000c3c00000,0x00000000c5249a50,0x00000000c6580000)
 Metaspace       used 9248K, capacity 9550K, committed 9856K, reserved 1058816K
  class space    used 993K, capacity 1081K, committed 1152K, reserved 1048576K
}
Event: 8,107 GC heap before
{Heap before GC invocations=11 (full 0):
 PSYoungGen      total 210432K, used 202286K [0x00000000ebf00000, 0x00000000f9680000, 0x0000000100000000)
  eden space 200192K, 100% used [0x00000000ebf00000,0x00000000f8280000,0x00000000f8280000)
  from space 10240K, 20% used [0x00000000f8c80000,0x00000000f8e8bb90,0x00000000f9680000)
  to   space 10240K, 0% used [0x00000000f8280000,0x00000000f8280000,0x00000000f8c80000)
 ParOldGen       total 42496K, used 22822K [0x00000000c3c00000, 0x00000000c6580000, 0x00000000ebf00000)
  object space 42496K, 53% used [0x00000000c3c00000,0x00000000c5249a50,0x00000000c6580000)
 Metaspace       used 9671K, capacity 9982K, committed 10240K, reserved 1058816K
  class space    used 1027K, capacity 1161K, committed 1280K, reserved 1048576K

